2023-03-14 10:32:33.375 [main] INFO  org.Scientific_Calculator.App - [SQUARE ROOT] - 16.0
2023-03-14 10:32:33.379 [main] INFO  org.Scientific_Calculator.App - [SQUARE ROOT] - 16.0
2023-03-14 10:32:33.382 [main] INFO  org.Scientific_Calculator.App - [SQUARE ROOT] - 4.0
2023-03-14 10:32:33.383 [main] INFO  org.Scientific_Calculator.App - [SQUARE ROOT] - 4.0
2023-03-14 10:32:33.385 [main] INFO  org.Scientific_Calculator.App - [SQUARE ROOT] - 16.0
2023-03-14 10:32:33.386 [main] INFO  org.Scientific_Calculator.App - [SQUARE ROOT] - 16.0
2023-03-14 10:32:33.386 [main] INFO  org.Scientific_Calculator.App - [SQUARE ROOT] - 4.0
2023-03-14 10:32:33.387 [main] INFO  org.Scientific_Calculator.App - [SQUARE ROOT] - 4.0
2023-03-14 23:47:03.843 [main] INFO  org.Scientific_Calculator.App - [FACTORIAL OF] - 5
2023-03-14 23:47:03.846 [main] INFO  org.Scientific_Calculator.App - [FACTORIAL RESULT] - 120
2023-03-14 23:47:03.846 [main] INFO  org.Scientific_Calculator.App - [FACTORIAL OF] - 4
2023-03-14 23:47:03.846 [main] INFO  org.Scientific_Calculator.App - [FACTORIAL RESULT] - 24
2023-03-14 23:47:03.848 [main] INFO  org.Scientific_Calculator.App - [SQUARE ROOT] - 16.0
2023-03-14 23:47:03.848 [main] INFO  org.Scientific_Calculator.App - [SQUARE ROOT RESULT] - 4.0
2023-03-14 23:47:03.848 [main] INFO  org.Scientific_Calculator.App - [SQUARE ROOT] - 4.0
2023-03-14 23:47:03.849 [main] INFO  org.Scientific_Calculator.App - [SQUARE ROOT RESULT] - 2.0
2023-03-14 23:47:03.851 [main] INFO  org.Scientific_Calculator.App - [NATURAL LOGARITHM OF] - 10.0
2023-03-14 23:47:03.851 [main] INFO  org.Scientific_Calculator.App - [NATURAL LOGARITHM RESULT] - 2.302585092994046
2023-03-14 23:47:03.863 [main] INFO  org.Scientific_Calculator.App - [SQUARE ROOT] - 16.0
2023-03-14 23:47:03.865 [main] INFO  org.Scientific_Calculator.App - [SQUARE ROOT RESULT] - 4.0
2023-03-14 23:47:03.865 [main] INFO  org.Scientific_Calculator.App - [SQUARE ROOT] - 4.0
2023-03-14 23:47:03.865 [main] INFO  org.Scientific_Calculator.App - [SQUARE ROOT RESULT] - 2.0
2023-03-14 23:47:03.866 [main] INFO  org.Scientific_Calculator.App - [FACTORIAL OF] - 5
2023-03-14 23:47:03.866 [main] INFO  org.Scientific_Calculator.App - [FACTORIAL RESULT] - 120
2023-03-14 23:47:03.867 [main] INFO  org.Scientific_Calculator.App - [FACTORIAL OF] - 4
2023-03-14 23:47:03.867 [main] INFO  org.Scientific_Calculator.App - [FACTORIAL RESULT] - 24
2023-03-14 23:47:03.867 [main] INFO  org.Scientific_Calculator.App - [ 10.0 POWER OF 5.0]
2023-03-14 23:47:03.868 [main] INFO  org.Scientific_Calculator.App - [ 10.0 POWER OF 5.0 RESULT] - 9765625.0
2023-03-14 23:47:03.868 [main] INFO  org.Scientific_Calculator.App - [ 5.0 POWER OF 4.0]
2023-03-14 23:47:03.869 [main] INFO  org.Scientific_Calculator.App - [ 5.0 POWER OF 4.0 RESULT] - 1024.0
2023-03-14 23:47:03.869 [main] INFO  org.Scientific_Calculator.App - [ 10.0 POWER OF 5.0]
2023-03-14 23:47:03.870 [main] INFO  org.Scientific_Calculator.App - [ 10.0 POWER OF 5.0 RESULT] - 9765625.0
2023-03-14 23:47:03.872 [main] INFO  org.Scientific_Calculator.App - [NATURAL LOGARITHM OF] - 16.0
2023-03-14 23:47:03.872 [main] INFO  org.Scientific_Calculator.App - [NATURAL LOGARITHM RESULT] - 2.772588722239781
2023-03-14 23:47:03.872 [main] INFO  org.Scientific_Calculator.App - [NATURAL LOGARITHM OF] - 20.0
2023-03-14 23:47:03.873 [main] INFO  org.Scientific_Calculator.App - [NATURAL LOGARITHM RESULT] - 2.995732273553991
2023-03-14 23:47:43.611 [main] INFO  org.Scientific_Calculator.App - [NATURAL LOGARITHM OF] - 10.0
2023-03-14 23:47:43.621 [main] INFO  org.Scientific_Calculator.App - [NATURAL LOGARITHM RESULT] - 2.302585092994046
2023-03-14 23:47:43.621 [main] INFO  org.Scientific_Calculator.App - [NATURAL LOGARITHM OF] - 4.0
2023-03-14 23:47:43.622 [main] INFO  org.Scientific_Calculator.App - [NATURAL LOGARITHM RESULT] - 1.3862943611198906
2023-03-14 23:48:03.891 [main] INFO  org.Scientific_Calculator.App - [NATURAL LOGARITHM OF] - 10.0
2023-03-14 23:48:03.894 [main] INFO  org.Scientific_Calculator.App - [NATURAL LOGARITHM RESULT] - 2.302585092994046
2023-03-14 23:48:03.895 [main] INFO  org.Scientific_Calculator.App - [NATURAL LOGARITHM OF] - 4.0
2023-03-14 23:48:03.895 [main] INFO  org.Scientific_Calculator.App - [NATURAL LOGARITHM RESULT] - 1.3862943611198906
2023-03-14 23:48:10.676 [main] INFO  org.Scientific_Calculator.App - [ 10.0 POWER OF 5.0]
2023-03-14 23:48:10.681 [main] INFO  org.Scientific_Calculator.App - [ 10.0 POWER OF 5.0 RESULT] - 9765625.0
2023-03-14 23:48:40.837 [main] INFO  org.Scientific_Calculator.App - [ 10.0 POWER OF 5.0]
2023-03-14 23:48:40.841 [main] INFO  org.Scientific_Calculator.App - [ 10.0 POWER OF 5.0 RESULT] - 9765625.0
2023-03-14 23:48:40.842 [main] INFO  org.Scientific_Calculator.App - [ 5.0 POWER OF 4.0]
2023-03-14 23:48:40.843 [main] INFO  org.Scientific_Calculator.App - [ 5.0 POWER OF 4.0 RESULT] - 1024.0
2023-03-14 23:42:29.360 [main] INFO  org.Scientific_Calculator.App - [NATURAL LOGARITHM OF] - 10.0
2023-03-14 23:42:29.362 [main] INFO  org.Scientific_Calculator.App - [NATURAL LOGARITHM RESULT] - 2.302585092994046
2023-03-14 23:43:25.138 [main] INFO  org.Scientific_Calculator.App - [NATURAL LOGARITHM OF] - 4.0
2023-03-14 23:43:25.138 [main] INFO  org.Scientific_Calculator.App - [NATURAL LOGARITHM RESULT] - 1.3862943611198906
2023-03-14 23:43:59.976 [main] INFO  org.Scientific_Calculator.App - [NATURAL LOGARITHM OF] - 16.0
2023-03-14 23:43:59.976 [main] INFO  org.Scientific_Calculator.App - [NATURAL LOGARITHM RESULT] - 2.772588722239781
2023-03-14 23:44:14.273 [main] INFO  org.Scientific_Calculator.App - [NATURAL LOGARITHM OF] - 20.0
2023-03-14 23:44:14.274 [main] INFO  org.Scientific_Calculator.App - [NATURAL LOGARITHM RESULT] - 2.995732273553991
2023-03-14 23:45:04.778 [main] INFO  org.Scientific_Calculator.App - [ 10.0 POWER OF 5.0]
2023-03-14 23:45:04.779 [main] INFO  org.Scientific_Calculator.App - [ 10.0 POWER OF 5.0 RESULT] - 9765625.0
2023-03-14 23:45:21.359 [main] INFO  org.Scientific_Calculator.App - [ 5.0 POWER OF 4.0]
2023-03-14 23:45:21.359 [main] INFO  org.Scientific_Calculator.App - [ 5.0 POWER OF 4.0 RESULT] - 1024.0
2023-03-18 18:40:24.193 [main] INFO  org.Scientific_Calculator.App - [SQUARE ROOT] - 1234.0
2023-03-18 18:40:24.196 [main] INFO  org.Scientific_Calculator.App - [SQUARE ROOT RESULT] - 35.12833614050059
